<?xml version="1.0" encoding="UTF-8"?>
<!-- Generated by org.testng.reporters.JUnitReportReporter -->
<testsuite skipped="0" hostname="ip-172-31-85-137" name="test.SignUpTest" tests="1" failures="0" timestamp="25 Dec 2021 08:10:59 GMT" time="0.737" errors="0">
  <testcase name="singup" time="0.737" classname="test.SignUpTest"/>
</testsuite> <!-- test.SignUpTest -->
