<?xml version="1.0" encoding="UTF-8"?>
<!-- Generated by org.testng.reporters.JUnitReportReporter -->
<testsuite skipped="0" hostname="ip-172-31-85-137" name="test.AddProductTest" tests="1" failures="0" timestamp="25 Dec 2021 08:10:59 GMT" time="0.538" errors="0">
  <testcase name="AddProduct" time="0.538" classname="test.AddProductTest"/>
</testsuite> <!-- test.AddProductTest -->
