<?xml version="1.0" encoding="UTF-8"?>
<!-- Generated by org.testng.reporters.JUnitReportReporter -->
<testsuite skipped="0" hostname="ip-172-31-85-137" name="test.PaymentTest" tests="1" failures="0" timestamp="25 Dec 2021 08:10:59 GMT" time="0.197" errors="0">
  <testcase name="payment" time="0.197" classname="test.PaymentTest"/>
</testsuite> <!-- test.PaymentTest -->
